<?xml version="1.0" encoding="UTF-8"?>
<!-- Generated by org.testng.reporters.JUnitReportReporter -->
<testsuite skipped="0" hostname="DESKTOP-987SG1D" name="com.wordpress.qa.testcases.ProtoCommerceTest" tests="1" failures="0" timestamp="2020-07-07T07:37:35 IST" time="45.642" errors="0">
  <testcase name="loginPageTitleTest" time="45.642" classname="com.wordpress.qa.testcases.ProtoCommerceTest"/>
  <system-out/>
</testsuite> <!-- com.wordpress.qa.testcases.ProtoCommerceTest -->
